<?xml version="1.0" encoding="UTF-8"?>
<!-- Generated by org.testng.reporters.JUnitReportReporter -->
<testsuite hostname="WINDOWS-BR9DI0P" failures="0" tests="3" name="testCases.TC01_LaunchApplication" time="0.404" errors="0" timestamp="2025-05-26T19:50:03 CDT" skipped="0">
  <testcase classname="testCases.TC01_LaunchApplication" name="testLaunchApplication" time="0.288"/>
  <testcase classname="testCases.TC01_LaunchApplication" name="testLaunchApplication" time="0.027"/>
  <testcase classname="testCases.TC01_LaunchApplication" name="testLaunchApplication" time="0.089"/>
</testsuite> <!-- testCases.TC01_LaunchApplication -->
