<?xml version="1.0" encoding="UTF-8"?>
<!-- Generated by org.testng.reporters.JUnitReportReporter -->
<testsuite hostname="WINDOWS-BR9DI0P" failures="0" tests="3" name="testCases.TC01_LaunchApplication" time="0.238" errors="0" timestamp="2025-06-02T21:57:57 CDT" skipped="0">
  <testcase classname="testCases.TC01_LaunchApplication" name="testLaunchApplication" time="0.091"/>
  <testcase classname="testCases.TC01_LaunchApplication" name="testLaunchApplication" time="0.019"/>
  <testcase classname="testCases.TC01_LaunchApplication" name="testLaunchApplication" time="0.128"/>
</testsuite> <!-- testCases.TC01_LaunchApplication -->
