<?xml version="1.0" encoding="UTF-8"?>
<!-- Generated by org.testng.reporters.JUnitReportReporter -->
<testsuite hostname="WINDOWS-BR9DI0P" failures="0" tests="3" name="testCases.TC06_AddAffiliate" time="19.016" errors="0" timestamp="2025-06-02T21:57:57 CDT" skipped="0">
  <testcase classname="testCases.TC06_AddAffiliate" name="testAddAffiliate" time="7.534"/>
  <testcase classname="testCases.TC06_AddAffiliate" name="testAddAffiliate" time="5.939"/>
  <testcase classname="testCases.TC06_AddAffiliate" name="testAddAffiliate" time="5.543"/>
</testsuite> <!-- testCases.TC06_AddAffiliate -->
