<?xml version="1.0" encoding="UTF-8"?>
<!-- Generated by org.testng.reporters.JUnitReportReporter -->
<testsuite hostname="WINDOWS-BR9DI0P" failures="0" tests="15" name="testCases.TC02_Login" time="49.297" errors="0" timestamp="2025-06-02T21:57:57 CDT" skipped="0">
  <testcase classname="testCases.TC02_Login" name="testLogin" time="2.191"/>
  <testcase classname="testCases.TC02_Login" name="testLogin" time="4.297"/>
  <testcase classname="testCases.TC02_Login" name="testLogin" time="3.230"/>
  <testcase classname="testCases.TC02_Login" name="testLogin" time="2.063"/>
  <testcase classname="testCases.TC02_Login" name="testLogin" time="2.935"/>
  <testcase classname="testCases.TC02_Login" name="testLogin" time="1.541"/>
  <testcase classname="testCases.TC02_Login" name="testLogin" time="2.070"/>
  <testcase classname="testCases.TC02_Login" name="testLogin" time="3.597"/>
  <testcase classname="testCases.TC02_Login" name="testLogin" time="2.477"/>
  <testcase classname="testCases.TC02_Login" name="testLogin" time="1.938"/>
  <testcase classname="testCases.TC02_Login" name="testLogin" time="5.625"/>
  <testcase classname="testCases.TC02_Login" name="testLogin" time="1.730"/>
  <testcase classname="testCases.TC02_Login" name="testLogin" time="4.459"/>
  <testcase classname="testCases.TC02_Login" name="testLogin" time="7.957"/>
  <testcase classname="testCases.TC02_Login" name="testLogin" time="3.187"/>
</testsuite> <!-- testCases.TC02_Login -->
